   1               		.file	"keymap.c"
   2               	__SP_H__ = 0x3e
   3               	__SP_L__ = 0x3d
   4               	__SREG__ = 0x3f
   5               	__tmp_reg__ = 0
   6               	__zero_reg__ = 1
   7               		.text
   8               	.Ltext0:
   9               		.cfi_sections	.debug_frame
  10               		.section	.text.encoder_update_user,"ax",@progbits
  11               	.global	encoder_update_user
  13               	encoder_update_user:
  14               	.LVL0:
  15               	.LFB26:
  16               		.file 1 "keyboards/sofle/keymaps/broken-personal/keymap.c"
   1:keyboards/sofle/keymaps/broken-personal/keymap.c **** #include QMK_KEYBOARD_H
   2:keyboards/sofle/keymaps/broken-personal/keymap.c **** 
   3:keyboards/sofle/keymaps/broken-personal/keymap.c **** /* THIS FILE WAS GENERATED!
   4:keyboards/sofle/keymaps/broken-personal/keymap.c ****  *
   5:keyboards/sofle/keymaps/broken-personal/keymap.c ****  * This file was generated by qmk json2c. You may or may not want to
   6:keyboards/sofle/keymaps/broken-personal/keymap.c ****  * edit it directly.
   7:keyboards/sofle/keymaps/broken-personal/keymap.c ****  */
   8:keyboards/sofle/keymaps/broken-personal/keymap.c **** 
   9:keyboards/sofle/keymaps/broken-personal/keymap.c **** const uint16_t PROGMEM keymaps[][MATRIX_ROWS][MATRIX_COLS] = {
  10:keyboards/sofle/keymaps/broken-personal/keymap.c **** 	[0] = LAYOUT(KC_GRV, KC_1, KC_2, KC_3, KC_4, KC_5, KC_6, KC_7, KC_8, KC_9, KC_0, KC_MINS, KC_NO, K
  11:keyboards/sofle/keymaps/broken-personal/keymap.c **** 	[1] = LAYOUT(TO(8), KC_NO, KC_NO, MO(3), MO(4), TG(5), KC_NO, KC_NO, KC_NO, KC_NO, KC_NO, KC_NO, T
  12:keyboards/sofle/keymaps/broken-personal/keymap.c **** 	[2] = LAYOUT(KC_F1, KC_F2, KC_F3, KC_F4, KC_F5, KC_F6, KC_F7, KC_F8, KC_F9, KC_F10, KC_F11, KC_F12
  13:keyboards/sofle/keymaps/broken-personal/keymap.c **** 	[3] = LAYOUT(KC_TRNS, KC_TRNS, KC_TRNS, KC_TRNS, KC_TRNS, KC_TRNS, KC_S, KC_TRNS, KC_TRNS, KC_TRNS
  14:keyboards/sofle/keymaps/broken-personal/keymap.c **** 	[4] = LAYOUT(KC_TRNS, KC_NO, KC_NO, KC_NO, KC_TRNS, KC_NO, KC_NO, KC_NO, KC_NO, KC_NO, KC_NO, KC_N
  15:keyboards/sofle/keymaps/broken-personal/keymap.c **** 	[5] = LAYOUT(KC_TRNS, KC_NO, KC_NO, KC_NO, KC_NO, KC_TRNS, KC_PEQL, KC_PSLS, KC_PAST, KC_PMNS, KC_
  16:keyboards/sofle/keymaps/broken-personal/keymap.c **** 	[6] = LAYOUT(KC_TRNS, KC_NO, KC_NO, KC_NO, KC_NO, KC_NO, KC_NO, KC_NO, KC_NO, KC_NO, KC_NO, KC_NO,
  17:keyboards/sofle/keymaps/broken-personal/keymap.c **** 	[7] = LAYOUT(KC_TRNS, KC_NO, KC_NO, KC_NO, KC_NO, KC_NO, KC_NO, KC_NO, KC_NO, KC_NO, KC_NO, KC_NO,
  18:keyboards/sofle/keymaps/broken-personal/keymap.c **** 	[8] = LAYOUT(KC_GRV, KC_1, KC_2, KC_3, KC_4, KC_5, KC_NO, KC_NO, KC_NO, KC_NO, KC_NO, KC_NO, KC_NO
  19:keyboards/sofle/keymaps/broken-personal/keymap.c **** 	[9] = LAYOUT(KC_TRNS, KC_6, KC_7, KC_8, KC_9, KC_0, KC_NO, KC_NO, KC_NO, KC_NO, KC_NO, KC_NO, KC_N
  20:keyboards/sofle/keymaps/broken-personal/keymap.c **** 	[10] = LAYOUT(KC_TRNS, KC_NO, KC_NO, KC_NO, KC_NO, KC_NO, KC_NO, KC_NO, KC_NO, KC_NO, KC_NO, KC_NO
  21:keyboards/sofle/keymaps/broken-personal/keymap.c **** 	[11] = LAYOUT(KC_NO, KC_NO, KC_NO, KC_NO, KC_NO, KC_NO, KC_NO, KC_NO, KC_NO, KC_NO, KC_NO, KC_NO, 
  22:keyboards/sofle/keymaps/broken-personal/keymap.c **** 	[12] = LAYOUT(KC_NO, KC_NO, KC_NO, KC_NO, KC_NO, KC_NO, KC_NO, KC_NO, KC_NO, KC_NO, KC_NO, KC_NO, 
  23:keyboards/sofle/keymaps/broken-personal/keymap.c **** 	[13] = LAYOUT(KC_NO, KC_NO, KC_NO, KC_NO, KC_NO, KC_NO, KC_NO, KC_NO, KC_NO, KC_NO, KC_NO, KC_NO, 
  24:keyboards/sofle/keymaps/broken-personal/keymap.c **** };
  25:keyboards/sofle/keymaps/broken-personal/keymap.c **** 
  26:keyboards/sofle/keymaps/broken-personal/keymap.c **** #define KC_REDO LCTL(KC_R)
  27:keyboards/sofle/keymaps/broken-personal/keymap.c **** #define PDF_SCROLL_DOWN LCTL(KC_D)
  28:keyboards/sofle/keymaps/broken-personal/keymap.c **** #define PDF_SCROLL_UP LCTL(KC_U)
  29:keyboards/sofle/keymaps/broken-personal/keymap.c **** #ifdef ENCODER_ENABLE
  30:keyboards/sofle/keymaps/broken-personal/keymap.c **** 
  31:keyboards/sofle/keymaps/broken-personal/keymap.c **** bool encoder_update_user(uint8_t index, bool clockwise) {
  17               		.loc 1 31 57 view -0
  18               		.cfi_startproc
  19               	/* prologue: function */
  20               	/* frame size = 0 */
  21               	/* stack size = 0 */
  22               	.L__stack_usage = 0
  32:keyboards/sofle/keymaps/broken-personal/keymap.c ****     if (index == 0) {
  23               		.loc 1 32 5 view .LVU1
  24               		.loc 1 32 8 is_stmt 0 view .LVU2
  25 0000 8111      		cpse r24,__zero_reg__
  26 0002 00C0      		rjmp .L2
  33:keyboards/sofle/keymaps/broken-personal/keymap.c ****         if (clockwise) {
  27               		.loc 1 33 9 is_stmt 1 view .LVU3
  34:keyboards/sofle/keymaps/broken-personal/keymap.c ****             tap_code(KC_VOLU);
  28               		.loc 1 34 13 is_stmt 0 view .LVU4
  29 0004 89EA      		ldi r24,lo8(-87)
  30               	.LVL1:
  33:keyboards/sofle/keymaps/broken-personal/keymap.c ****         if (clockwise) {
  31               		.loc 1 33 12 view .LVU5
  32 0006 6111      		cpse r22,__zero_reg__
  33 0008 00C0      		rjmp .L6
  35:keyboards/sofle/keymaps/broken-personal/keymap.c ****         } else {
  36:keyboards/sofle/keymaps/broken-personal/keymap.c ****             tap_code(KC_VOLD);
  34               		.loc 1 36 13 is_stmt 1 view .LVU6
  35 000a 8AEA      		ldi r24,lo8(-86)
  36               	.L6:
  37:keyboards/sofle/keymaps/broken-personal/keymap.c ****         }
  38:keyboards/sofle/keymaps/broken-personal/keymap.c ****     } else if (index == 1) {
  39:keyboards/sofle/keymaps/broken-personal/keymap.c ****         if (clockwise) {
  40:keyboards/sofle/keymaps/broken-personal/keymap.c ****             tap_code16(KC_REDO);
  41:keyboards/sofle/keymaps/broken-personal/keymap.c ****         } else {
  42:keyboards/sofle/keymaps/broken-personal/keymap.c ****             tap_code(KC_UNDO);
  37               		.loc 1 42 13 is_stmt 0 view .LVU7
  38 000c 0E94 0000 		call tap_code
  39               	.LVL2:
  40               		.loc 1 42 13 view .LVU8
  41 0010 00C0      		rjmp .L4
  42               	.LVL3:
  43               	.L2:
  38:keyboards/sofle/keymaps/broken-personal/keymap.c ****         if (clockwise) {
  44               		.loc 1 38 12 is_stmt 1 view .LVU9
  38:keyboards/sofle/keymaps/broken-personal/keymap.c ****         if (clockwise) {
  45               		.loc 1 38 15 is_stmt 0 view .LVU10
  46 0012 8130      		cpi r24,lo8(1)
  47 0014 01F4      		brne .L4
  39:keyboards/sofle/keymaps/broken-personal/keymap.c ****             tap_code16(KC_REDO);
  48               		.loc 1 39 9 is_stmt 1 view .LVU11
  39:keyboards/sofle/keymaps/broken-personal/keymap.c ****             tap_code16(KC_REDO);
  49               		.loc 1 39 12 is_stmt 0 view .LVU12
  50 0016 6623      		tst r22
  51 0018 01F0      		breq .L5
  40:keyboards/sofle/keymaps/broken-personal/keymap.c ****         } else {
  52               		.loc 1 40 13 is_stmt 1 view .LVU13
  53 001a 85E1      		ldi r24,lo8(21)
  54 001c 91E0      		ldi r25,lo8(1)
  55               	.LVL4:
  40:keyboards/sofle/keymaps/broken-personal/keymap.c ****         } else {
  56               		.loc 1 40 13 is_stmt 0 view .LVU14
  57 001e 0E94 0000 		call tap_code16
  58               	.LVL5:
  59               	.L4:
  43:keyboards/sofle/keymaps/broken-personal/keymap.c ****         }
  44:keyboards/sofle/keymaps/broken-personal/keymap.c ****     }
  45:keyboards/sofle/keymaps/broken-personal/keymap.c ****     return true;
  60               		.loc 1 45 5 is_stmt 1 view .LVU15
  46:keyboards/sofle/keymaps/broken-personal/keymap.c **** }
  61               		.loc 1 46 1 is_stmt 0 view .LVU16
  62 0022 81E0      		ldi r24,lo8(1)
  63               	/* epilogue start */
  64 0024 0895      		ret
  65               	.LVL6:
  66               	.L5:
  42:keyboards/sofle/keymaps/broken-personal/keymap.c ****         }
  67               		.loc 1 42 13 is_stmt 1 view .LVU17
  68 0026 8AE7      		ldi r24,lo8(122)
  69               	.LVL7:
  42:keyboards/sofle/keymaps/broken-personal/keymap.c ****         }
  70               		.loc 1 42 13 is_stmt 0 view .LVU18
  71 0028 00C0      		rjmp .L6
  72               		.cfi_endproc
  73               	.LFE26:
  75               	.global	keymaps
  76               		.section	.progmem.data.keymaps,"a"
  79               	keymaps:
  80 0000 3500      		.word	53
  81 0002 1E00      		.word	30
  82 0004 1F00      		.word	31
  83 0006 2000      		.word	32
  84 0008 2100      		.word	33
  85 000a 2200      		.word	34
  86 000c 0000      		.word	0
  87 000e 1400      		.word	20
  88 0010 1A00      		.word	26
  89 0012 0800      		.word	8
  90 0014 1500      		.word	21
  91 0016 1700      		.word	23
  92 0018 0000      		.word	0
  93 001a 0400      		.word	4
  94 001c 1600      		.word	22
  95 001e 0700      		.word	7
  96 0020 0900      		.word	9
  97 0022 0A00      		.word	10
  98 0024 0000      		.word	0
  99 0026 1D00      		.word	29
 100 0028 1B00      		.word	27
 101 002a 0600      		.word	6
 102 002c 1900      		.word	25
 103 002e 0500      		.word	5
 104 0030 0000      		.word	0
 105 0032 E200      		.word	226
 106 0034 E300      		.word	227
 107 0036 0151      		.word	20737
 108 0038 2C00      		.word	44
 109 003a A800      		.word	168
 110 003c 2D00      		.word	45
 111 003e 2700      		.word	39
 112 0040 2600      		.word	38
 113 0042 2500      		.word	37
 114 0044 2400      		.word	36
 115 0046 2300      		.word	35
 116 0048 0000      		.word	0
 117 004a 1300      		.word	19
 118 004c 1200      		.word	18
 119 004e 0C00      		.word	12
 120 0050 1800      		.word	24
 121 0052 1C00      		.word	28
 122 0054 3400      		.word	52
 123 0056 3300      		.word	51
 124 0058 0F00      		.word	15
 125 005a 0E00      		.word	14
 126 005c 0D00      		.word	13
 127 005e 0B00      		.word	11
 128 0060 E500      		.word	229
 129 0062 3800      		.word	56
 130 0064 3700      		.word	55
 131 0066 3600      		.word	54
 132 0068 1000      		.word	16
 133 006a 1100      		.word	17
 134 006c E700      		.word	231
 135 006e E600      		.word	230
 136 0070 E400      		.word	228
 137 0072 0151      		.word	20737
 138 0074 2900      		.word	41
 139 0076 3900      		.word	57
 140 0078 1850      		.word	20504
 141 007a 0000      		.word	0
 142 007c 0000      		.word	0
 143 007e 0351      		.word	20739
 144 0080 0451      		.word	20740
 145 0082 0553      		.word	21253
 146 0084 0853      		.word	21256
 147 0086 2B00      		.word	43
 148 0088 0358      		.word	22531
 149 008a 2102      		.word	545
 150 008c 2502      		.word	549
 151 008e 2E02      		.word	558
 152 0090 0000      		.word	0
 153 0092 2302      		.word	547
 154 0094 2402      		.word	548
 155 0096 2602      		.word	550
 156 0098 2F02      		.word	559
 157 009a 3602      		.word	566
 158 009c 0000      		.word	0
 159 009e E100      		.word	225
 160 00a0 3800      		.word	56
 161 00a2 6C00      		.word	108
 162 00a4 6D00      		.word	109
 163 00a6 2F00      		.word	47
 164 00a8 0000      		.word	0
 165 00aa E200      		.word	226
 166 00ac E000      		.word	224
 167 00ae 0251      		.word	20738
 168 00b0 2A00      		.word	42
 169 00b2 0100      		.word	1
 170 00b4 0000      		.word	0
 171 00b6 0000      		.word	0
 172 00b8 0000      		.word	0
 173 00ba 0000      		.word	0
 174 00bc 0000      		.word	0
 175 00be 0000      		.word	0
 176 00c0 0000      		.word	0
 177 00c2 3300      		.word	51
 178 00c4 0000      		.word	0
 179 00c6 2002      		.word	544
 180 00c8 2202      		.word	546
 181 00ca 2D00      		.word	45
 182 00cc 3102      		.word	561
 183 00ce 2E00      		.word	46
 184 00d0 2D02      		.word	557
 185 00d2 2702      		.word	551
 186 00d4 3002      		.word	560
 187 00d6 3702      		.word	567
 188 00d8 E500      		.word	229
 189 00da 3802      		.word	568
 190 00dc 3100      		.word	49
 191 00de 7100      		.word	113
 192 00e0 7000      		.word	112
 193 00e2 3000      		.word	48
 194 00e4 E700      		.word	231
 195 00e6 0000      		.word	0
 196 00e8 0000      		.word	0
 197 00ea 0251      		.word	20738
 198 00ec 2800      		.word	40
 199 00ee 4218      		.word	6210
 200 00f0 3A00      		.word	58
 201 00f2 3B00      		.word	59
 202 00f4 3C00      		.word	60
 203 00f6 3D00      		.word	61
 204 00f8 3E00      		.word	62
 205 00fa 3F00      		.word	63
 206 00fc 3A00      		.word	58
 207 00fe 3B00      		.word	59
 208 0100 3C00      		.word	60
 209 0102 3D00      		.word	61
 210 0104 3E00      		.word	62
 211 0106 3F00      		.word	63
 212 0108 0100      		.word	1
 213 010a 1E00      		.word	30
 214 010c 1F00      		.word	31
 215 010e 2000      		.word	32
 216 0110 2100      		.word	33
 217 0112 2200      		.word	34
 218 0114 0100      		.word	1
 219 0116 0000      		.word	0
 220 0118 0000      		.word	0
 221 011a 0000      		.word	0
 222 011c 0000      		.word	0
 223 011e 0000      		.word	0
 224 0120 0100      		.word	1
 225 0122 0100      		.word	1
 226 0124 0100      		.word	1
 227 0126 0100      		.word	1
 228 0128 0100      		.word	1
 229 012a 0000      		.word	0
 230 012c 4500      		.word	69
 231 012e 4400      		.word	68
 232 0130 4300      		.word	67
 233 0132 4200      		.word	66
 234 0134 4100      		.word	65
 235 0136 4000      		.word	64
 236 0138 4500      		.word	69
 237 013a 4400      		.word	68
 238 013c 4300      		.word	67
 239 013e 4200      		.word	66
 240 0140 4100      		.word	65
 241 0142 4000      		.word	64
 242 0144 0000      		.word	0
 243 0146 2700      		.word	39
 244 0148 2600      		.word	38
 245 014a 2500      		.word	37
 246 014c 2400      		.word	36
 247 014e 2300      		.word	35
 248 0150 0000      		.word	0
 249 0152 0000      		.word	0
 250 0154 0000      		.word	0
 251 0156 0000      		.word	0
 252 0158 0000      		.word	0
 253 015a 0000      		.word	0
 254 015c 0100      		.word	1
 255 015e 0100      		.word	1
 256 0160 0100      		.word	1
 257 0162 0100      		.word	1
 258 0164 0100      		.word	1
 259 0166 0000      		.word	0
 260 0168 0100      		.word	1
 261 016a 0100      		.word	1
 262 016c 0100      		.word	1
 263 016e 0100      		.word	1
 264 0170 0100      		.word	1
 265 0172 0100      		.word	1
 266 0174 0100      		.word	1
 267 0176 4900      		.word	73
 268 0178 0100      		.word	1
 269 017a 6500      		.word	101
 270 017c 0000      		.word	0
 271 017e 0000      		.word	0
 272 0180 0100      		.word	1
 273 0182 E200      		.word	226
 274 0184 E000      		.word	224
 275 0186 E100      		.word	225
 276 0188 0000      		.word	0
 277 018a 3900      		.word	57
 278 018c 0100      		.word	1
 279 018e 1600      		.word	22
 280 0190 1B01      		.word	283
 281 0192 0601      		.word	262
 282 0194 0100      		.word	1
 283 0196 0000      		.word	0
 284 0198 0100      		.word	1
 285 019a 0100      		.word	1
 286 019c 0100      		.word	1
 287 019e 0100      		.word	1
 288 01a0 0100      		.word	1
 289 01a2 0100      		.word	1
 290 01a4 0100      		.word	1
 291 01a6 0100      		.word	1
 292 01a8 0100      		.word	1
 293 01aa 0100      		.word	1
 294 01ac 0100      		.word	1
 295 01ae 1600      		.word	22
 296 01b0 2A00      		.word	42
 297 01b2 2A01      		.word	298
 298 01b4 4F01      		.word	335
 299 01b6 5200      		.word	82
 300 01b8 5001      		.word	336
 301 01ba 4B00      		.word	75
 302 01bc 2A00      		.word	42
 303 01be 4C00      		.word	76
 304 01c0 4F00      		.word	79
 305 01c2 5100      		.word	81
 306 01c4 5000      		.word	80
 307 01c6 4E00      		.word	78
 308 01c8 0100      		.word	1
 309 01ca 0000      		.word	0
 310 01cc 1801      		.word	280
 311 01ce 0000      		.word	0
 312 01d0 0701      		.word	263
 313 01d2 0000      		.word	0
 314 01d4 0100      		.word	1
 315 01d6 0100      		.word	1
 316 01d8 0100      		.word	1
 317 01da 0100      		.word	1
 318 01dc 0100      		.word	1
 319 01de 0100      		.word	1
 320 01e0 0100      		.word	1
 321 01e2 0000      		.word	0
 322 01e4 0000      		.word	0
 323 01e6 0000      		.word	0
 324 01e8 0100      		.word	1
 325 01ea 0000      		.word	0
 326 01ec 005C      		.word	23552
 327 01ee 0000      		.word	0
 328 01f0 0100      		.word	1
 329 01f2 0152      		.word	20993
 330 01f4 015D      		.word	23809
 331 01f6 0000      		.word	0
 332 01f8 0000      		.word	0
 333 01fa 0000      		.word	0
 334 01fc 015D      		.word	23809
 335 01fe 0000      		.word	0
 336 0200 0000      		.word	0
 337 0202 0000      		.word	0
 338 0204 0000      		.word	0
 339 0206 0000      		.word	0
 340 0208 0000      		.word	0
 341 020a 0000      		.word	0
 342 020c 0000      		.word	0
 343 020e 0000      		.word	0
 344 0210 0100      		.word	1
 345 0212 0100      		.word	1
 346 0214 0100      		.word	1
 347 0216 0100      		.word	1
 348 0218 0100      		.word	1
 349 021a 0100      		.word	1
 350 021c 0000      		.word	0
 351 021e 0000      		.word	0
 352 0220 0000      		.word	0
 353 0222 0000      		.word	0
 354 0224 0000      		.word	0
 355 0226 0000      		.word	0
 356 0228 0000      		.word	0
 357 022a 0000      		.word	0
 358 022c A700      		.word	167
 359 022e A600      		.word	166
 360 0230 A500      		.word	165
 361 0232 0000      		.word	0
 362 0234 0000      		.word	0
 363 0236 0000      		.word	0
 364 0238 A900      		.word	169
 365 023a A800      		.word	168
 366 023c AA00      		.word	170
 367 023e 0000      		.word	0
 368 0240 0000      		.word	0
 369 0242 0000      		.word	0
 370 0244 AB00      		.word	171
 371 0246 AE00      		.word	174
 372 0248 AC00      		.word	172
 373 024a 0000      		.word	0
 374 024c 0100      		.word	1
 375 024e 0100      		.word	1
 376 0250 0100      		.word	1
 377 0252 0000      		.word	0
 378 0254 0100      		.word	1
 379 0256 1050      		.word	20496
 380 0258 0100      		.word	1
 381 025a 0000      		.word	0
 382 025c 0000      		.word	0
 383 025e 0000      		.word	0
 384 0260 0000      		.word	0
 385 0262 0100      		.word	1
 386 0264 0000      		.word	0
 387 0266 0000      		.word	0
 388 0268 0000      		.word	0
 389 026a 0000      		.word	0
 390 026c 0000      		.word	0
 391 026e 0000      		.word	0
 392 0270 0000      		.word	0
 393 0272 0000      		.word	0
 394 0274 0000      		.word	0
 395 0276 0000      		.word	0
 396 0278 0000      		.word	0
 397 027a 0000      		.word	0
 398 027c 0000      		.word	0
 399 027e 0000      		.word	0
 400 0280 0000      		.word	0
 401 0282 0000      		.word	0
 402 0284 0000      		.word	0
 403 0286 0000      		.word	0
 404 0288 0000      		.word	0
 405 028a 0000      		.word	0
 406 028c 0000      		.word	0
 407 028e 0100      		.word	1
 408 0290 2A00      		.word	42
 409 0292 0100      		.word	1
 410 0294 2A00      		.word	42
 411 0296 0000      		.word	0
 412 0298 5600      		.word	86
 413 029a 5500      		.word	85
 414 029c 5400      		.word	84
 415 029e 6700      		.word	103
 416 02a0 2B00      		.word	43
 417 02a2 2602      		.word	550
 418 02a4 5700      		.word	87
 419 02a6 2600      		.word	38
 420 02a8 2500      		.word	37
 421 02aa 2400      		.word	36
 422 02ac 0000      		.word	0
 423 02ae 2702      		.word	551
 424 02b0 3600      		.word	54
 425 02b2 2300      		.word	35
 426 02b4 2200      		.word	34
 427 02b6 2100      		.word	33
 428 02b8 0000      		.word	0
 429 02ba 2800      		.word	40
 430 02bc 3700      		.word	55
 431 02be 2000      		.word	32
 432 02c0 1F00      		.word	31
 433 02c2 1E00      		.word	30
 434 02c4 0000      		.word	0
 435 02c6 0000      		.word	0
 436 02c8 0000      		.word	0
 437 02ca 2700      		.word	39
 438 02cc 2A00      		.word	42
 439 02ce 1050      		.word	20496
 440 02d0 0100      		.word	1
 441 02d2 0000      		.word	0
 442 02d4 0000      		.word	0
 443 02d6 0000      		.word	0
 444 02d8 0000      		.word	0
 445 02da 0000      		.word	0
 446 02dc 0000      		.word	0
 447 02de 0000      		.word	0
 448 02e0 0000      		.word	0
 449 02e2 0000      		.word	0
 450 02e4 0000      		.word	0
 451 02e6 0000      		.word	0
 452 02e8 0000      		.word	0
 453 02ea 0000      		.word	0
 454 02ec 0000      		.word	0
 455 02ee 0000      		.word	0
 456 02f0 0000      		.word	0
 457 02f2 0000      		.word	0
 458 02f4 0000      		.word	0
 459 02f6 0000      		.word	0
 460 02f8 0000      		.word	0
 461 02fa 0000      		.word	0
 462 02fc 0000      		.word	0
 463 02fe 0000      		.word	0
 464 0300 0000      		.word	0
 465 0302 0000      		.word	0
 466 0304 0000      		.word	0
 467 0306 0100      		.word	1
 468 0308 0100      		.word	1
 469 030a 0100      		.word	1
 470 030c 0000      		.word	0
 471 030e 0000      		.word	0
 472 0310 0000      		.word	0
 473 0312 0000      		.word	0
 474 0314 0000      		.word	0
 475 0316 0000      		.word	0
 476 0318 0000      		.word	0
 477 031a 0000      		.word	0
 478 031c 0000      		.word	0
 479 031e 0000      		.word	0
 480 0320 0000      		.word	0
 481 0322 0000      		.word	0
 482 0324 0000      		.word	0
 483 0326 0000      		.word	0
 484 0328 0000      		.word	0
 485 032a 0000      		.word	0
 486 032c 0000      		.word	0
 487 032e 0000      		.word	0
 488 0330 0000      		.word	0
 489 0332 0000      		.word	0
 490 0334 0000      		.word	0
 491 0336 0000      		.word	0
 492 0338 0000      		.word	0
 493 033a 0000      		.word	0
 494 033c 0000      		.word	0
 495 033e 0000      		.word	0
 496 0340 0000      		.word	0
 497 0342 0000      		.word	0
 498 0344 0000      		.word	0
 499 0346 0000      		.word	0
 500 0348 0100      		.word	1
 501 034a 0000      		.word	0
 502 034c 0000      		.word	0
 503 034e 0000      		.word	0
 504 0350 0000      		.word	0
 505 0352 0000      		.word	0
 506 0354 0000      		.word	0
 507 0356 0000      		.word	0
 508 0358 0000      		.word	0
 509 035a 0000      		.word	0
 510 035c 0000      		.word	0
 511 035e 0000      		.word	0
 512 0360 0000      		.word	0
 513 0362 0000      		.word	0
 514 0364 0000      		.word	0
 515 0366 0000      		.word	0
 516 0368 0000      		.word	0
 517 036a 0000      		.word	0
 518 036c 0000      		.word	0
 519 036e 0000      		.word	0
 520 0370 0000      		.word	0
 521 0372 0000      		.word	0
 522 0374 0000      		.word	0
 523 0376 0000      		.word	0
 524 0378 0000      		.word	0
 525 037a 0000      		.word	0
 526 037c 0000      		.word	0
 527 037e 0100      		.word	1
 528 0380 0100      		.word	1
 529 0382 0100      		.word	1
 530 0384 0000      		.word	0
 531 0386 0000      		.word	0
 532 0388 0000      		.word	0
 533 038a 0000      		.word	0
 534 038c 0000      		.word	0
 535 038e 0000      		.word	0
 536 0390 0000      		.word	0
 537 0392 0000      		.word	0
 538 0394 0000      		.word	0
 539 0396 0000      		.word	0
 540 0398 0000      		.word	0
 541 039a 0000      		.word	0
 542 039c 0000      		.word	0
 543 039e 0000      		.word	0
 544 03a0 0000      		.word	0
 545 03a2 0000      		.word	0
 546 03a4 0000      		.word	0
 547 03a6 0000      		.word	0
 548 03a8 0000      		.word	0
 549 03aa 0000      		.word	0
 550 03ac 0000      		.word	0
 551 03ae 0000      		.word	0
 552 03b0 0000      		.word	0
 553 03b2 0000      		.word	0
 554 03b4 0000      		.word	0
 555 03b6 0000      		.word	0
 556 03b8 0000      		.word	0
 557 03ba 0000      		.word	0
 558 03bc 0000      		.word	0
 559 03be 0000      		.word	0
 560 03c0 3500      		.word	53
 561 03c2 1E00      		.word	30
 562 03c4 1F00      		.word	31
 563 03c6 2000      		.word	32
 564 03c8 2100      		.word	33
 565 03ca 2200      		.word	34
 566 03cc 0000      		.word	0
 567 03ce E000      		.word	224
 568 03d0 1400      		.word	20
 569 03d2 1A00      		.word	26
 570 03d4 0800      		.word	8
 571 03d6 1500      		.word	21
 572 03d8 0000      		.word	0
 573 03da 0900      		.word	9
 574 03dc 0400      		.word	4
 575 03de 1600      		.word	22
 576 03e0 0700      		.word	7
 577 03e2 0A00      		.word	10
 578 03e4 0000      		.word	0
 579 03e6 E100      		.word	225
 580 03e8 1B00      		.word	27
 581 03ea 0600      		.word	6
 582 03ec 1900      		.word	25
 583 03ee 0500      		.word	5
 584 03f0 0000      		.word	0
 585 03f2 2B00      		.word	43
 586 03f4 E200      		.word	226
 587 03f6 2C00      		.word	44
 588 03f8 0951      		.word	20745
 589 03fa 1050      		.word	20496
 590 03fc 0000      		.word	0
 591 03fe 0000      		.word	0
 592 0400 0000      		.word	0
 593 0402 0000      		.word	0
 594 0404 0000      		.word	0
 595 0406 0000      		.word	0
 596 0408 0000      		.word	0
 597 040a 0000      		.word	0
 598 040c 0000      		.word	0
 599 040e 5200      		.word	82
 600 0410 0000      		.word	0
 601 0412 0000      		.word	0
 602 0414 0000      		.word	0
 603 0416 0000      		.word	0
 604 0418 4F00      		.word	79
 605 041a 5100      		.word	81
 606 041c 5000      		.word	80
 607 041e 0000      		.word	0
 608 0420 0000      		.word	0
 609 0422 0000      		.word	0
 610 0424 0000      		.word	0
 611 0426 0000      		.word	0
 612 0428 0000      		.word	0
 613 042a 0000      		.word	0
 614 042c 0000      		.word	0
 615 042e 0000      		.word	0
 616 0430 0000      		.word	0
 617 0432 0000      		.word	0
 618 0434 0000      		.word	0
 619 0436 A800      		.word	168
 620 0438 0100      		.word	1
 621 043a 2300      		.word	35
 622 043c 2400      		.word	36
 623 043e 2500      		.word	37
 624 0440 2600      		.word	38
 625 0442 2700      		.word	39
 626 0444 0000      		.word	0
 627 0446 1C00      		.word	28
 628 0448 1800      		.word	24
 629 044a 0C00      		.word	12
 630 044c 1300      		.word	19
 631 044e 3800      		.word	56
 632 0450 0000      		.word	0
 633 0452 0B00      		.word	11
 634 0454 0D00      		.word	13
 635 0456 0E00      		.word	14
 636 0458 0F00      		.word	15
 637 045a 3400      		.word	52
 638 045c 0000      		.word	0
 639 045e 1100      		.word	17
 640 0460 1000      		.word	16
 641 0462 0000      		.word	0
 642 0464 0000      		.word	0
 643 0466 2800      		.word	40
 644 0468 0000      		.word	0
 645 046a 2800      		.word	40
 646 046c 2900      		.word	41
 647 046e 2A00      		.word	42
 648 0470 0100      		.word	1
 649 0472 1006      		.word	1552
 650 0474 0000      		.word	0
 651 0476 0000      		.word	0
 652 0478 0000      		.word	0
 653 047a 0000      		.word	0
 654 047c 0000      		.word	0
 655 047e 0000      		.word	0
 656 0480 0000      		.word	0
 657 0482 0000      		.word	0
 658 0484 0000      		.word	0
 659 0486 0000      		.word	0
 660 0488 0000      		.word	0
 661 048a 0000      		.word	0
 662 048c 0000      		.word	0
 663 048e 0000      		.word	0
 664 0490 0000      		.word	0
 665 0492 0000      		.word	0
 666 0494 0000      		.word	0
 667 0496 0000      		.word	0
 668 0498 0000      		.word	0
 669 049a 0000      		.word	0
 670 049c 0000      		.word	0
 671 049e 0000      		.word	0
 672 04a0 0000      		.word	0
 673 04a2 0000      		.word	0
 674 04a4 0000      		.word	0
 675 04a6 0000      		.word	0
 676 04a8 0000      		.word	0
 677 04aa 0000      		.word	0
 678 04ac 0000      		.word	0
 679 04ae 0000      		.word	0
 680 04b0 0100      		.word	1
 681 04b2 0000      		.word	0
 682 04b4 0000      		.word	0
 683 04b6 0000      		.word	0
 684 04b8 0000      		.word	0
 685 04ba 0000      		.word	0
 686 04bc 0000      		.word	0
 687 04be 0000      		.word	0
 688 04c0 0000      		.word	0
 689 04c2 0000      		.word	0
 690 04c4 0000      		.word	0
 691 04c6 0000      		.word	0
 692 04c8 0000      		.word	0
 693 04ca 0000      		.word	0
 694 04cc 0000      		.word	0
 695 04ce 0000      		.word	0
 696 04d0 0000      		.word	0
 697 04d2 0000      		.word	0
 698 04d4 0000      		.word	0
 699 04d6 0000      		.word	0
 700 04d8 0000      		.word	0
 701 04da 0000      		.word	0
 702 04dc 0000      		.word	0
 703 04de 0000      		.word	0
 704 04e0 0000      		.word	0
 705 04e2 0000      		.word	0
 706 04e4 0000      		.word	0
 707 04e6 0000      		.word	0
 708 04e8 0000      		.word	0
 709 04ea 0100      		.word	1
 710 04ec 0000      		.word	0
 711 04ee 0000      		.word	0
 712 04f0 0000      		.word	0
 713 04f2 0000      		.word	0
 714 04f4 0000      		.word	0
 715 04f6 0000      		.word	0
 716 04f8 0000      		.word	0
 717 04fa 0000      		.word	0
 718 04fc 0000      		.word	0
 719 04fe 0000      		.word	0
 720 0500 0000      		.word	0
 721 0502 0000      		.word	0
 722 0504 0000      		.word	0
 723 0506 0000      		.word	0
 724 0508 0000      		.word	0
 725 050a 0000      		.word	0
 726 050c 0000      		.word	0
 727 050e 0000      		.word	0
 728 0510 0000      		.word	0
 729 0512 0000      		.word	0
 730 0514 0000      		.word	0
 731 0516 0000      		.word	0
 732 0518 0000      		.word	0
 733 051a 0000      		.word	0
 734 051c 0000      		.word	0
 735 051e 0000      		.word	0
 736 0520 0000      		.word	0
 737 0522 0000      		.word	0
 738 0524 0000      		.word	0
 739 0526 0000      		.word	0
 740 0528 0000      		.word	0
 741 052a 0000      		.word	0
 742 052c 0000      		.word	0
 743 052e 0000      		.word	0
 744 0530 0000      		.word	0
 745 0532 0000      		.word	0
 746 0534 0000      		.word	0
 747 0536 0000      		.word	0
 748 0538 0000      		.word	0
 749 053a 0000      		.word	0
 750 053c 0000      		.word	0
 751 053e 0000      		.word	0
 752 0540 0000      		.word	0
 753 0542 0000      		.word	0
 754 0544 0000      		.word	0
 755 0546 0000      		.word	0
 756 0548 0000      		.word	0
 757 054a 0000      		.word	0
 758 054c 0000      		.word	0
 759 054e 0000      		.word	0
 760 0550 0000      		.word	0
 761 0552 0000      		.word	0
 762 0554 0000      		.word	0
 763 0556 0000      		.word	0
 764 0558 0000      		.word	0
 765 055a 0000      		.word	0
 766 055c 0000      		.word	0
 767 055e 0000      		.word	0
 768 0560 0000      		.word	0
 769 0562 0100      		.word	1
 770 0564 0000      		.word	0
 771 0566 0000      		.word	0
 772 0568 0000      		.word	0
 773 056a 0000      		.word	0
 774 056c 0000      		.word	0
 775 056e 0000      		.word	0
 776 0570 0000      		.word	0
 777 0572 0000      		.word	0
 778 0574 0000      		.word	0
 779 0576 0000      		.word	0
 780 0578 0000      		.word	0
 781 057a 0000      		.word	0
 782 057c 0000      		.word	0
 783 057e 0000      		.word	0
 784 0580 0000      		.word	0
 785 0582 0000      		.word	0
 786 0584 0000      		.word	0
 787 0586 0000      		.word	0
 788 0588 0000      		.word	0
 789 058a 0000      		.word	0
 790 058c 0000      		.word	0
 791 058e 0000      		.word	0
 792 0590 0000      		.word	0
 793 0592 0000      		.word	0
 794 0594 0000      		.word	0
 795 0596 0000      		.word	0
 796 0598 0000      		.word	0
 797 059a 0000      		.word	0
 798 059c 0000      		.word	0
 799 059e 0000      		.word	0
 800 05a0 0000      		.word	0
 801 05a2 0000      		.word	0
 802 05a4 0000      		.word	0
 803 05a6 0000      		.word	0
 804 05a8 0000      		.word	0
 805 05aa 0000      		.word	0
 806 05ac 0000      		.word	0
 807 05ae 0000      		.word	0
 808 05b0 0000      		.word	0
 809 05b2 0000      		.word	0
 810 05b4 0000      		.word	0
 811 05b6 0000      		.word	0
 812 05b8 0000      		.word	0
 813 05ba 0000      		.word	0
 814 05bc 0000      		.word	0
 815 05be 0000      		.word	0
 816 05c0 0000      		.word	0
 817 05c2 0000      		.word	0
 818 05c4 0000      		.word	0
 819 05c6 0000      		.word	0
 820 05c8 0000      		.word	0
 821 05ca 0000      		.word	0
 822 05cc 0000      		.word	0
 823 05ce 0000      		.word	0
 824 05d0 0000      		.word	0
 825 05d2 0000      		.word	0
 826 05d4 0000      		.word	0
 827 05d6 0000      		.word	0
 828 05d8 0000      		.word	0
 829 05da 0100      		.word	1
 830 05dc 0000      		.word	0
 831 05de 0000      		.word	0
 832 05e0 0000      		.word	0
 833 05e2 0000      		.word	0
 834 05e4 0000      		.word	0
 835 05e6 0000      		.word	0
 836 05e8 0000      		.word	0
 837 05ea 0000      		.word	0
 838 05ec 0000      		.word	0
 839 05ee 0000      		.word	0
 840 05f0 0000      		.word	0
 841 05f2 0000      		.word	0
 842 05f4 0000      		.word	0
 843 05f6 0000      		.word	0
 844 05f8 0000      		.word	0
 845 05fa 0000      		.word	0
 846 05fc 0000      		.word	0
 847 05fe 0000      		.word	0
 848 0600 0000      		.word	0
 849 0602 0000      		.word	0
 850 0604 0000      		.word	0
 851 0606 0000      		.word	0
 852 0608 0000      		.word	0
 853 060a 0000      		.word	0
 854 060c 0000      		.word	0
 855 060e 0000      		.word	0
 856 0610 0000      		.word	0
 857 0612 0000      		.word	0
 858 0614 0000      		.word	0
 859 0616 0000      		.word	0
 860 0618 0000      		.word	0
 861 061a 0000      		.word	0
 862 061c 0000      		.word	0
 863 061e 0000      		.word	0
 864 0620 0000      		.word	0
 865 0622 0000      		.word	0
 866 0624 0000      		.word	0
 867 0626 0000      		.word	0
 868 0628 0000      		.word	0
 869 062a 0000      		.word	0
 870 062c 0000      		.word	0
 871 062e 0000      		.word	0
 872 0630 0000      		.word	0
 873 0632 0000      		.word	0
 874 0634 0000      		.word	0
 875 0636 0000      		.word	0
 876 0638 0000      		.word	0
 877 063a 0000      		.word	0
 878 063c 0000      		.word	0
 879 063e 0000      		.word	0
 880 0640 0000      		.word	0
 881 0642 0000      		.word	0
 882 0644 0000      		.word	0
 883 0646 0000      		.word	0
 884 0648 0000      		.word	0
 885 064a 0000      		.word	0
 886 064c 0000      		.word	0
 887 064e 0000      		.word	0
 888 0650 0000      		.word	0
 889 0652 0100      		.word	1
 890 0654 0000      		.word	0
 891 0656 0000      		.word	0
 892 0658 0000      		.word	0
 893 065a 0000      		.word	0
 894 065c 0000      		.word	0
 895 065e 0000      		.word	0
 896 0660 0000      		.word	0
 897 0662 0000      		.word	0
 898 0664 0000      		.word	0
 899 0666 0000      		.word	0
 900 0668 0000      		.word	0
 901 066a 0000      		.word	0
 902 066c 0000      		.word	0
 903 066e 0000      		.word	0
 904 0670 0000      		.word	0
 905 0672 0000      		.word	0
 906 0674 0000      		.word	0
 907 0676 0000      		.word	0
 908 0678 0000      		.word	0
 909 067a 0000      		.word	0
 910 067c 0000      		.word	0
 911 067e 0000      		.word	0
 912 0680 0000      		.word	0
 913 0682 0000      		.word	0
 914 0684 0000      		.word	0
 915 0686 0000      		.word	0
 916 0688 0000      		.word	0
 917 068a 0000      		.word	0
 918 068c 0000      		.word	0
 919 068e 0000      		.word	0
 920               		.text
 921               	.Letext0:
 922               		.file 2 "/usr/avr/include/stdint.h"
 923               		.file 3 "quantum/keycode.h"
 924               		.file 4 "quantum/action_code.h"
 925               		.file 5 "quantum/quantum_keycodes.h"
 926               		.file 6 "quantum/quantum.h"
 927               		.file 7 "quantum/action.h"
 928               		.file 8 "quantum/sequencer/sequencer.h"
 929               		.file 9 "quantum/keymap.h"
DEFINED SYMBOLS
                            *ABS*:0000000000000000 keymap.c
     /tmp/ccsifMhf.s:2      *ABS*:000000000000003e __SP_H__
     /tmp/ccsifMhf.s:3      *ABS*:000000000000003d __SP_L__
     /tmp/ccsifMhf.s:4      *ABS*:000000000000003f __SREG__
     /tmp/ccsifMhf.s:5      *ABS*:0000000000000000 __tmp_reg__
     /tmp/ccsifMhf.s:6      *ABS*:0000000000000001 __zero_reg__
     /tmp/ccsifMhf.s:13     .text.encoder_update_user:0000000000000000 encoder_update_user
     /tmp/ccsifMhf.s:79     .progmem.data.keymaps:0000000000000000 keymaps

UNDEFINED SYMBOLS
tap_code
tap_code16
