   1               		.file	"keymap.c"
   2               	__SP_H__ = 0x3e
   3               	__SP_L__ = 0x3d
   4               	__SREG__ = 0x3f
   5               	__tmp_reg__ = 0
   6               	__zero_reg__ = 1
   7               		.text
   8               	.Ltext0:
   9               		.cfi_sections	.debug_frame
  10               	.global	keymaps
  11               		.section	.progmem.data.keymaps,"a"
  14               	keymaps:
  15 0000 3500      		.word	53
  16 0002 1E00      		.word	30
  17 0004 1F00      		.word	31
  18 0006 2000      		.word	32
  19 0008 2100      		.word	33
  20 000a 2200      		.word	34
  21 000c 2900      		.word	41
  22 000e 1400      		.word	20
  23 0010 1A00      		.word	26
  24 0012 0800      		.word	8
  25 0014 1500      		.word	21
  26 0016 1700      		.word	23
  27 0018 2B00      		.word	43
  28 001a 0400      		.word	4
  29 001c 1600      		.word	22
  30 001e 0700      		.word	7
  31 0020 0900      		.word	9
  32 0022 0A00      		.word	10
  33 0024 E100      		.word	225
  34 0026 1D00      		.word	29
  35 0028 1B00      		.word	27
  36 002a 0600      		.word	6
  37 002c 1900      		.word	25
  38 002e 0500      		.word	5
  39 0030 E300      		.word	227
  40 0032 E200      		.word	226
  41 0034 E000      		.word	224
  42 0036 0151      		.word	20737
  43 0038 2C00      		.word	44
  44 003a A800      		.word	168
  45 003c 2D00      		.word	45
  46 003e 2700      		.word	39
  47 0040 2600      		.word	38
  48 0042 2500      		.word	37
  49 0044 2400      		.word	36
  50 0046 2300      		.word	35
  51 0048 2A00      		.word	42
  52 004a 1300      		.word	19
  53 004c 1200      		.word	18
  54 004e 0C00      		.word	12
  55 0050 1800      		.word	24
  56 0052 1C00      		.word	28
  57 0054 3400      		.word	52
  58 0056 3300      		.word	51
  59 0058 0F00      		.word	15
  60 005a 0E00      		.word	14
  61 005c 0D00      		.word	13
  62 005e 0B00      		.word	11
  63 0060 E500      		.word	229
  64 0062 3800      		.word	56
  65 0064 3700      		.word	55
  66 0066 3600      		.word	54
  67 0068 1000      		.word	16
  68 006a 1100      		.word	17
  69 006c E700      		.word	231
  70 006e E600      		.word	230
  71 0070 E400      		.word	228
  72 0072 0251      		.word	20738
  73 0074 2900      		.word	41
  74 0076 A600      		.word	166
  75 0078 3500      		.word	53
  76 007a 1E00      		.word	30
  77 007c 1F00      		.word	31
  78 007e 2000      		.word	32
  79 0080 2100      		.word	33
  80 0082 2200      		.word	34
  81 0084 2900      		.word	41
  82 0086 1E00      		.word	30
  83 0088 1F00      		.word	31
  84 008a 2000      		.word	32
  85 008c 2100      		.word	33
  86 008e 2200      		.word	34
  87 0090 2B00      		.word	43
  88 0092 0400      		.word	4
  89 0094 1500      		.word	21
  90 0096 2602      		.word	550
  91 0098 2F02      		.word	559
  92 009a 0700      		.word	7
  93 009c E100      		.word	225
  94 009e 1D00      		.word	29
  95 00a0 1B00      		.word	27
  96 00a2 0600      		.word	6
  97 00a4 1900      		.word	25
  98 00a6 0500      		.word	5
  99 00a8 E300      		.word	227
 100 00aa E200      		.word	226
 101 00ac E000      		.word	224
 102 00ae 0100      		.word	1
 103 00b0 2A00      		.word	42
 104 00b2 A800      		.word	168
 105 00b4 2E00      		.word	46
 106 00b6 2700      		.word	39
 107 00b8 2600      		.word	38
 108 00ba 2500      		.word	37
 109 00bc 2400      		.word	36
 110 00be 2300      		.word	35
 111 00c0 2A00      		.word	42
 112 00c2 2700      		.word	39
 113 00c4 2600      		.word	38
 114 00c6 2500      		.word	37
 115 00c8 2400      		.word	36
 116 00ca 2300      		.word	35
 117 00cc 3400      		.word	52
 118 00ce 1200      		.word	18
 119 00d0 0C00      		.word	12
 120 00d2 2702      		.word	551
 121 00d4 3002      		.word	560
 122 00d6 0B00      		.word	11
 123 00d8 E500      		.word	229
 124 00da 3800      		.word	56
 125 00dc 3700      		.word	55
 126 00de 3600      		.word	54
 127 00e0 1000      		.word	16
 128 00e2 0E00      		.word	14
 129 00e4 E700      		.word	231
 130 00e6 E600      		.word	230
 131 00e8 E400      		.word	228
 132 00ea 0351      		.word	20739
 133 00ec 2800      		.word	40
 134 00ee 0000      		.word	0
 135 00f0 0100      		.word	1
 136 00f2 3A00      		.word	58
 137 00f4 3B00      		.word	59
 138 00f6 3C00      		.word	60
 139 00f8 3D00      		.word	61
 140 00fa 3E00      		.word	62
 141 00fc 3500      		.word	53
 142 00fe 1E00      		.word	30
 143 0100 1F00      		.word	31
 144 0102 2000      		.word	32
 145 0104 2100      		.word	33
 146 0106 2200      		.word	34
 147 0108 0100      		.word	1
 148 010a 1E02      		.word	542
 149 010c 1F02      		.word	543
 150 010e 2002      		.word	544
 151 0110 2102      		.word	545
 152 0112 2202      		.word	546
 153 0114 0100      		.word	1
 154 0116 2E00      		.word	46
 155 0118 2D00      		.word	45
 156 011a 2E02      		.word	558
 157 011c 2F02      		.word	559
 158 011e 3002      		.word	560
 159 0120 0100      		.word	1
 160 0122 0100      		.word	1
 161 0124 0100      		.word	1
 162 0126 0100      		.word	1
 163 0128 0100      		.word	1
 164 012a 0100      		.word	1
 165 012c 4400      		.word	68
 166 012e 4300      		.word	67
 167 0130 4200      		.word	66
 168 0132 4100      		.word	65
 169 0134 4000      		.word	64
 170 0136 3F00      		.word	63
 171 0138 4500      		.word	69
 172 013a 2700      		.word	39
 173 013c 2600      		.word	38
 174 013e 2500      		.word	37
 175 0140 2400      		.word	36
 176 0142 2300      		.word	35
 177 0144 3102      		.word	561
 178 0146 2702      		.word	551
 179 0148 2602      		.word	550
 180 014a 2502      		.word	549
 181 014c 2402      		.word	548
 182 014e 2302      		.word	547
 183 0150 0100      		.word	1
 184 0152 3100      		.word	49
 185 0154 3302      		.word	563
 186 0156 3300      		.word	51
 187 0158 3000      		.word	48
 188 015a 2F00      		.word	47
 189 015c 0100      		.word	1
 190 015e 0100      		.word	1
 191 0160 0100      		.word	1
 192 0162 0100      		.word	1
 193 0164 0100      		.word	1
 194 0166 0100      		.word	1
 195 0168 0100      		.word	1
 196 016a 0100      		.word	1
 197 016c 0100      		.word	1
 198 016e 0100      		.word	1
 199 0170 0100      		.word	1
 200 0172 0100      		.word	1
 201 0174 0100      		.word	1
 202 0176 4900      		.word	73
 203 0178 4600      		.word	70
 204 017a 6500      		.word	101
 205 017c 0000      		.word	0
 206 017e 0000      		.word	0
 207 0180 0100      		.word	1
 208 0182 E200      		.word	226
 209 0184 E000      		.word	224
 210 0186 E100      		.word	225
 211 0188 0000      		.word	0
 212 018a 3900      		.word	57
 213 018c 0100      		.word	1
 214 018e 1D01      		.word	285
 215 0190 1B01      		.word	283
 216 0192 0601      		.word	262
 217 0194 1901      		.word	281
 218 0196 0000      		.word	0
 219 0198 0100      		.word	1
 220 019a 0100      		.word	1
 221 019c 0100      		.word	1
 222 019e 0451      		.word	20740
 223 01a0 0100      		.word	1
 224 01a2 0100      		.word	1
 225 01a4 0100      		.word	1
 226 01a6 0100      		.word	1
 227 01a8 0100      		.word	1
 228 01aa 0100      		.word	1
 229 01ac 0100      		.word	1
 230 01ae 0100      		.word	1
 231 01b0 2A00      		.word	42
 232 01b2 2A01      		.word	298
 233 01b4 4F01      		.word	335
 234 01b6 5200      		.word	82
 235 01b8 5001      		.word	336
 236 01ba 4B00      		.word	75
 237 01bc 2A00      		.word	42
 238 01be 4C00      		.word	76
 239 01c0 4F00      		.word	79
 240 01c2 5100      		.word	81
 241 01c4 5000      		.word	80
 242 01c6 4E00      		.word	78
 243 01c8 0100      		.word	1
 244 01ca 0000      		.word	0
 245 01cc 4D00      		.word	77
 246 01ce 0000      		.word	0
 247 01d0 4A00      		.word	74
 248 01d2 0000      		.word	0
 249 01d4 0100      		.word	1
 250 01d6 0100      		.word	1
 251 01d8 0100      		.word	1
 252 01da 0100      		.word	1
 253 01dc 0100      		.word	1
 254 01de 0100      		.word	1
 255 01e0 0000      		.word	0
 256 01e2 0000      		.word	0
 257 01e4 0000      		.word	0
 258 01e6 0000      		.word	0
 259 01e8 0000      		.word	0
 260 01ea 0000      		.word	0
 261 01ec 005C      		.word	23552
 262 01ee 0000      		.word	0
 263 01f0 0052      		.word	20992
 264 01f2 0152      		.word	20993
 265 01f4 015D      		.word	23809
 266 01f6 0000      		.word	0
 267 01f8 0000      		.word	0
 268 01fa 0000      		.word	0
 269 01fc 015D      		.word	23809
 270 01fe 0000      		.word	0
 271 0200 0000      		.word	0
 272 0202 0000      		.word	0
 273 0204 0000      		.word	0
 274 0206 0000      		.word	0
 275 0208 0000      		.word	0
 276 020a 0000      		.word	0
 277 020c 0000      		.word	0
 278 020e 0000      		.word	0
 279 0210 0100      		.word	1
 280 0212 0100      		.word	1
 281 0214 0100      		.word	1
 282 0216 0100      		.word	1
 283 0218 0100      		.word	1
 284 021a 0000      		.word	0
 285 021c 0000      		.word	0
 286 021e 0000      		.word	0
 287 0220 0000      		.word	0
 288 0222 0000      		.word	0
 289 0224 0000      		.word	0
 290 0226 0000      		.word	0
 291 0228 0000      		.word	0
 292 022a 0000      		.word	0
 293 022c 0000      		.word	0
 294 022e 0000      		.word	0
 295 0230 0000      		.word	0
 296 0232 0000      		.word	0
 297 0234 0000      		.word	0
 298 0236 0000      		.word	0
 299 0238 A900      		.word	169
 300 023a A800      		.word	168
 301 023c AA00      		.word	170
 302 023e 0000      		.word	0
 303 0240 0000      		.word	0
 304 0242 0000      		.word	0
 305 0244 AB00      		.word	171
 306 0246 AE00      		.word	174
 307 0248 AC00      		.word	172
 308 024a 0000      		.word	0
 309 024c 0100      		.word	1
 310 024e 0100      		.word	1
 311 0250 0100      		.word	1
 312 0252 0100      		.word	1
 313 0254 0100      		.word	1
 314 0256 0000      		.word	0
 315               		.text
 316               	.Letext0:
 317               		.file 1 "quantum/keycode.h"
 318               		.file 2 "quantum/quantum_keycodes.h"
 319               		.file 3 "/usr/avr/include/stdint.h"
 320               		.file 4 "quantum/sequencer/sequencer.h"
 321               		.file 5 "quantum/keymap.h"
 322               		.file 6 ".build/obj_sofle_rev1_sofle_rev1_layout_mine/src/keymap.c"
DEFINED SYMBOLS
                            *ABS*:0000000000000000 keymap.c
     /tmp/ccfIugkY.s:2      *ABS*:000000000000003e __SP_H__
     /tmp/ccfIugkY.s:3      *ABS*:000000000000003d __SP_L__
     /tmp/ccfIugkY.s:4      *ABS*:000000000000003f __SREG__
     /tmp/ccfIugkY.s:5      *ABS*:0000000000000000 __tmp_reg__
     /tmp/ccfIugkY.s:6      *ABS*:0000000000000001 __zero_reg__
     /tmp/ccfIugkY.s:14     .progmem.data.keymaps:0000000000000000 keymaps

NO UNDEFINED SYMBOLS
